#
# A fatal error has been detected by the Java Runtime Environment:
#
#  EXCEPTION_ACCESS_VIOLATION (0xc0000005) at pc=0x00007ffe8e235deb, pid=1300, tid=2996
#
# JRE version: Java(TM) SE Runtime Environment (24.0.1+9) (build 24.0.1+9-30)
# Java VM: Java HotSpot(TM) 64-Bit Server VM (24.0.1+9-30, mixed mode, emulated-client, sharing, tiered, compressed oops, compressed class ptrs, g1 gc, windows-amd64)
# Problematic frame:
# C  [libasyncProfiler.dll+0xa5deb]
#
# No core dump will be written. Minidumps are not enabled by default on client versions of Windows
#
# JFR recording file will be written. Location: C:\hellospring\hs_err_pid1300.jfr
#
# If you would like to submit a bug report, please visit:
#   https://bugreport.java.com/bugreport/crash.jsp
# The crash happened outside the Java Virtual Machine in native code.
# See problematic frame for where to report the bug.
#

---------------  S U M M A R Y ------------

Command Line: -XX:TieredStopAtLevel=1 -Dspring.output.ansi.enabled=always -Dcom.sun.management.jmxremote -Dspring.jmx.enabled=true -Dspring.liveBeansView.mbeanDomain -Dspring.application.admin.enabled=true -Dmanagement.endpoints.jmx.exposure.include=* -javaagent:C:\Program Files\JetBrains\IntelliJ IDEA 2024.1.4\lib\idea_rt.jar=3535:C:\Program Files\JetBrains\IntelliJ IDEA 2024.1.4\bin -agentpath:C:\Users\Saman\AppData\Local\Temp\idea_libasyncProfiler_dll_temp_folder\libasyncProfiler.dll=start,jfr,event=wall,interval=10ms,jfrsync=profile,cstack=no,file=C:\Users\Saman\IdeaSnapshots\HellospringApplication_2025_07_05_112935.jfr,dbghelppath=C:\Users\Saman\AppData\Local\Temp\idea_dbghelp_dll_temp_folder\dbghelp.dll,log=C:\Users\Saman\AppData\Local\Temp\HellospringApplication_2025_07_05_112935.jfr.log.txt,logLevel=DEBUG -Dfile.encoding=UTF-8 -Dsun.stdout.encoding=UTF-8 -Dsun.stderr.encoding=UTF-8 com.example.hellospring.HellospringApplication

Host: Intel(R) Core(TM) i7-2630QM CPU @ 2.00GHz, 8 cores, 5G,  Windows 10 , 64 bit Build 19041 (10.0.19041.5915)
Time: Sat Jul  5 11:29:37 2025 Iran Standard Time elapsed time: 1.142239 seconds (0d 0h 0m 1s)

---------------  T H R E A D  ---------------

Current thread (0x0000018bb3addd40):  JavaThread "main"             [_thread_in_native, id=2996, stack(0x0000006c3be00000,0x0000006c3bf00000) (1024K)]

Stack: [0x0000006c3be00000,0x0000006c3bf00000],  sp=0x0000006c3befe500,  free space=1017k
Native frames: (J=compiled Java code, j=interpreted, Vv=VM code, C=native code)
C  [libasyncProfiler.dll+0xa5deb]  (no source info available)
C  [libasyncProfiler.dll+0xa61ab]  (no source info available)
C  [libasyncProfiler.dll+0xa4fd4]  (no source info available)
C  [libasyncProfiler.dll+0xa58b7]  (no source info available)
C  [libasyncProfiler.dll+0xa00fb]  (no source info available)
C  [libasyncProfiler.dll+0x91efe]  (no source info available)
C  [libasyncProfiler.dll+0x90810]  (no source info available)
C  [libasyncProfiler.dll+0x906e4]  (no source info available)
C  [libasyncProfiler.dll+0x96f46]  (no source info available)
V  [jvm.dll+0x5e38de]  (no source info available)
V  [jvm.dll+0x886056]  (no source info available)
V  [jvm.dll+0x495f3e]  (no source info available)
V  [jvm.dll+0x497d11]  (no source info available)
C  [jli.dll+0x52a1]  (no source info available)
C  [ucrtbase.dll+0x21bb2]  (no source info available)
C  [KERNEL32.DLL+0x17374]  (no source info available)
C  [ntdll.dll+0x4cc91]  (no source info available)


siginfo: EXCEPTION_ACCESS_VIOLATION (0xc0000005), reading address 0xffffffffffffffff


Registers:
RAX=0x0000000000000010, RBX=0x0000000000000000, RCX=0xffffffffffffffff, RDX=0x007ffe7507301010
RSP=0x0000006c3befe500, RBP=0x0000018c0a29f030, RSI=0x0000006c3befe638, RDI=0x0000018c0a29f030
R8 =0x0000000000000042, R9 =0x00000000a7901ed8, R10=0x00007ffe752e9fb0, R11=0x0000000000000002
R12=0x0000006c3befe638, R13=0x0000018bb3a9e820, R14=0x0000018bb3ade108, R15=0x0000000000000019
RIP=0x00007ffe8e235deb, EFLAGS=0x0000000000010202

XMM[0]=0x0000000000000000 0x0000000000000000
XMM[1]=0x0000000000000000 0x0000000000000000
XMM[2]=0x0000000000000000 0x0000000000000000
XMM[3]=0x0000000000000000 0x0000000000000000
XMM[4]=0x0000000000000000 0x0000000000000000
XMM[5]=0x0000000000000000 0x0000000000000000
XMM[6]=0x0000000000000000 0x0000000000000000
XMM[7]=0x0000000000000000 0x0000000000000000
XMM[8]=0x0000000000000000 0x0000000000000000
XMM[9]=0x0000000000000000 0x0000000000000000
XMM[10]=0x0000000000000000 0x0000000000000000
XMM[11]=0x0000000000000000 0x0000000000000000
XMM[12]=0x0000000000000000 0x0000000000000000
XMM[13]=0x0000000000000000 0x0000000000000000
XMM[14]=0x0000000000000000 0x0000000000000000
XMM[15]=0x0000000000000000 0x0000000000000000
  MXCSR=0x00001fa0


Register to memory mapping:

RAX=0x0000000000000010 is an unknown value
RBX=0x0 is null
RCX=0xffffffffffffffff is an unknown value
RDX=0x007ffe7507301010 is an unknown value
RSP=0x0000006c3befe500 is pointing into the stack for thread: 0x0000018bb3addd40
RBP=0x0000018c0a29f030 points into unknown readable memory: 0x00000000a7901ed8 | d8 1e 90 a7 00 00 00 00
RSI=0x0000006c3befe638 is pointing into the stack for thread: 0x0000018bb3addd40
RDI=0x0000018c0a29f030 points into unknown readable memory: 0x00000000a7901ed8 | d8 1e 90 a7 00 00 00 00
R8 =0x0000000000000042 is an unknown value
R9 =0x00000000a7901ed8 is an oop: java.lang.Thread 
{0x00000000a7901ed8} - klass: 'java/lang/Thread' - flags: 

 - ---- fields (total size 14 words):
 - 'threadLocalRandomProbe' 'I' @12  0 (0x00000000)
 - private volatile 'eetop' 'J' @16  1699526597952 (0x0000018bb3addd40)
 - private final 'tid' 'J' @24  3 (0x0000000000000003)
 - 'threadLocalRandomSeed' 'J' @32  0 (0x0000000000000000)
 - injected 'jvmti_thread_state' 'J' @40  1699811130432 (0x0000018bc4a37c40)
 - 'threadLocalRandomSecondarySeed' 'I' @48  0 (0x00000000)
 - injected 'jvmti_VTMS_transition_disable_count' 'I' @52  0 (0x00000000)
 - injected 'jfr_epoch' 'S' @56  0 (0x0000)
 - volatile 'interrupted' 'Z' @58  false (0x00)
 - injected 'jvmti_is_in_VTMS_transition' 'Z' @59  false (0x00)
 - private volatile 'name' 'Ljava/lang/String;' @60  "main"{0x00000000a7901f48} (0xa7901f48)
 - private volatile 'contextClassLoader' 'Ljava/lang/ClassLoader;' @64  a 'jdk/internal/loader/ClassLoaders$AppClassLoader'{0x00000000a793dd10} (0xa793dd10)
 - private final 'holder' 'Ljava/lang/Thread$FieldHolder;' @68  a 'java/lang/Thread$FieldHolder'{0x00000000a7901f88} (0xa7901f88)
 - 'threadLocals' 'Ljava/lang/ThreadLocal$ThreadLocalMap;' @72  a 'java/lang/ThreadLocal$ThreadLocalMap'{0x00000000a77db2a8} (0xa77db2a8)
 - 'inheritableThreadLocals' 'Ljava/lang/ThreadLocal$ThreadLocalMap;' @76  null (0x00000000)
 - private 'scopedValueBindings' 'Ljava/lang/Object;' @80  a 'java/lang/Class'{0x00000000ffe7c890} = 'java/lang/Thread' (0xffe7c890)
 - final 'interruptLock' 'Ljava/lang/Object;' @84  a 'java/lang/Object'{0x00000000a7901f78} (0xa7901f78)
 - private volatile 'parkBlocker' 'Ljava/lang/Object;' @88  null (0x00000000)
 - private 'nioBlocker' 'Lsun/nio/ch/Interruptible;' @92  null (0x00000000)
 - private 'cont' 'Ljdk/internal/vm/Continuation;' @96  null (0x00000000)
 - private volatile 'uncaughtExceptionHandler' 'Ljava/lang/Thread$UncaughtExceptionHandler;' @100  null (0x00000000)
 - private 'container' 'Ljdk/internal/vm/ThreadContainer;' @104  null (0x00000000)
 - private volatile 'headStackableScopes' 'Ljdk/internal/vm/StackableScope;' @108  null (0x00000000)
R10=0x00007ffe752e9fb0 jvm.dll
R11=0x0000000000000002 is an unknown value
R12=0x0000006c3befe638 is pointing into the stack for thread: 0x0000018bb3addd40
R13=0x0000018bb3a9e820 points into unknown readable memory: 0x00007ffe7525a510 | 10 a5 25 75 fe 7f 00 00
R14=0x0000018bb3ade108 points into unknown readable memory: 0x00007ffe752517b0 | b0 17 25 75 fe 7f 00 00
R15=0x0000000000000019 is an unknown value

Top of Stack: (sp=0x0000006c3befe500)
0x0000006c3befe500:   0000006c3befe638 0000018c0a29f030   8..;l...0.).....
0x0000006c3befe510:   0000000000000000 00000000000007e0   ................
0x0000006c3befe520:   0000018c0b9a1700 00007ffe8e2361ab   .........a#.....
0x0000006c3befe530:   0000000000000000 0000018bb3ade108   ................
0x0000006c3befe540:   0000000000000000 0000018c0b9a1700   ................
0x0000006c3befe550:   0000018bb3ade108 00007ffe8e234fd4   .........O#.....
0x0000006c3befe560:   0000000000000000 0000000000000019   ................
0x0000006c3befe570:   0000000000000000 0000018c0b9a1700   ................
0x0000006c3befe580:   0000018b00000009 0000018c0b9bf5e0   ................
0x0000006c3befe590:   fffffffffffffffe 0000018c0b9a1700   ................
0x0000006c3befe5a0:   0000018c0b9a1764 0000018c0b9a1770   d.......p.......
0x0000006c3befe5b0:   00000000000027b4 0000000000000000   .'..............
0x0000006c3befe5c0:   0000000000000000 0000000000000000   ................
0x0000006c3befe5d0:   00007ffe8e3ce040 0000000000000001   @.<.............
0x0000006c3befe5e0:   0000000000000000 0000000000000000   ................
0x0000006c3befe5f0:   00007ffe8e3ddb30 00007ffe8e2358b7   0.=......X#.....
0x0000006c3befe600:   0000018bb3ade108 0000000000000514   ................
0x0000006c3befe610:   0000006c3befe680 00000000ffffffff   ...;l...........
0x0000006c3befe620:   00007ff75f7214d0 0000000000000000   ..r_............
0x0000006c3befe630:   0000000000100000 0000018c0ba58630   ........0.......
0x0000006c3befe640:   0000018c0ba58950 0000018c0ba58950   P.......P.......
0x0000006c3befe650:   0000018bb3ade108 0000018bb3ade108   ................
0x0000006c3befe660:   fffffffffffffffe 00007ffe8e3ddb30   ........0.=.....
0x0000006c3befe670:   0000006c3befe7e8 0000018bb1500000   ...;l.....P.....
0x0000006c3befe680:   00007ffe8e3ce040 00007ffe8e3ce040   @.<.....@.<.....
0x0000006c3befe690:   0000000000000000 00007ffe8e3ddb80   ..........=.....
0x0000006c3befe6a0:   0000000000989680 0000006c3befe998   ...........;l...
0x0000006c3befe6b0:   0000006c3befe7c0 00007ffe8e2300fb   ...;l.....#.....
0x0000006c3befe6c0:   00007ffe8e3ddb88 00007ffeb0e50000   ..=.............
0x0000006c3befe6d0:   00007ffe8e3ddb88 00007ffe8e303308   ..=......30.....
0x0000006c3befe6e0:   0000000000000000 00007ffeb32b358a   .........5+.....
0x0000006c3befe6f0:   001be9fe00000001 00007ffe00010000   ................

Instructions: (pc=0x00007ffe8e235deb)
  0x00007ffe8e235ceb:   cc cc cc cc cc cc cc cc cc cc cc cc cc cc cc cc
  0x00007ffe8e235cfb:   cc cc cc cc cc cc cc cc cc cc cc cc cc cc cc cc
  0x00007ffe8e235d0b:   cc cc cc cc cc cc cc cc cc cc cc cc cc cc cc cc
  0x00007ffe8e235d1b:   cc cc cc cc cc cc cc cc cc cc cc cc cc cc cc cc
  0x00007ffe8e235d2b:   cc cc cc cc cc cc cc cc cc cc cc cc cc cc cc cc
  0x00007ffe8e235d3b:   cc cc cc cc cc cc cc cc cc cc cc cc cc cc cc cc
  0x00007ffe8e235d4b:   cc cc cc cc cc cc cc cc cc cc cc cc cc cc cc cc
  0x00007ffe8e235d5b:   cc cc cc cc cc cc cc cc cc cc cc cc cc cc cc cc
  0x00007ffe8e235d6b:   cc cc cc cc cc cc cc cc cc cc cc cc cc cc cc cc
  0x00007ffe8e235d7b:   cc cc cc cc cc 48 89 5c 24 08 57 48 83 ec 20 48
  0x00007ffe8e235d8b:   8b f9 48 8d 54 24 38 48 8b 0d 77 7f 1a 00 41 b8
  0x00007ffe8e235d9b:   06 00 01 00 48 8b 01 4c 8b 48 30 41 ff d1 4c 8b
  0x00007ffe8e235dab:   05 70 80 1a 00 33 c9 85 c0 48 0f 44 4c 24 38 4d
  0x00007ffe8e235dbb:   85 c0 74 4a 48 8b 01 48 8b d7 4c 8b 88 28 03 00
  0x00007ffe8e235dcb:   00 41 ff d1 48 85 c0 74 35 48 63 0d 59 1f 1a 00
  0x00007ffe8e235ddb:   48 8b 14 01 48 85 d2 74 15 48 63 05 5d 1f 1a 00
=>0x00007ffe8e235deb:   8b 04 10 48 8b 5c 24 30 48 83 c4 20 5f c3 b8 ff
  0x00007ffe8e235dfb:   ff ff ff 48 8b 5c 24 30 48 83 c4 20 5f c3 80 3d
  0x00007ffe8e235e0b:   14 7f 1a 00 00 bb ff ff ff ff 74 20 4c 8b 0d aa
  0x00007ffe8e235e1b:   7b 1a 00 4c 8d 44 24 38 48 8b 0d 8e 7b 1a 00 48
  0x00007ffe8e235e2b:   8b d7 41 ff d1 85 c0 0f 44 5c 24 38 8b c3 48 8b
  0x00007ffe8e235e3b:   5c 24 30 48 83 c4 20 5f c3 cc cc cc cc cc cc cc
  0x00007ffe8e235e4b:   cc cc cc cc cc cc cc cc cc cc cc cc cc cc cc cc
  0x00007ffe8e235e5b:   cc cc cc cc cc cc cc cc cc cc cc cc cc cc cc cc
  0x00007ffe8e235e6b:   cc cc cc cc cc cc cc cc cc cc cc cc cc cc cc cc
  0x00007ffe8e235e7b:   cc cc cc cc cc 40 57 48 83 ec 30 48 c7 44 24 20
  0x00007ffe8e235e8b:   fe ff ff ff 48 89 5c 24 50 48 8b fa 48 8b d9 48
  0x00007ffe8e235e9b:   89 4c 24 40 b9 01 00 00 00 33 c0 f0 0f b1 0b 74
  0x00007ffe8e235eab:   04 f3 90 eb f4 48 8d 53 08 48 8b cf e8 aa f5 f5
  0x00007ffe8e235ebb:   ff 90 b8 ff ff ff ff f0 0f c1 03 48 8b c7 48 8b
  0x00007ffe8e235ecb:   5c 24 50 48 83 c4 30 5f c3 cc cc cc cc cc cc cc
  0x00007ffe8e235edb:   cc cc cc cc cc cc cc cc cc cc cc cc cc cc cc cc


Stack slot to memory mapping:

stack at sp + 0 slots: 0x0000006c3befe638 is pointing into the stack for thread: 0x0000018bb3addd40
stack at sp + 1 slots: 0x0000018c0a29f030 points into unknown readable memory: 0x00000000a7901ed8 | d8 1e 90 a7 00 00 00 00
stack at sp + 2 slots: 0x0 is null
stack at sp + 3 slots: 0x00000000000007e0 is an unknown value
stack at sp + 4 slots: 0x0000018c0b9a1700 points into unknown readable memory: 0x000001cc00003190 | 90 31 00 00 cc 01 00 00
stack at sp + 5 slots: 0x00007ffe8e2361ab libasyncProfiler.dll
stack at sp + 6 slots: 0x0 is null
stack at sp + 7 slots: 0x0000018bb3ade108 points into unknown readable memory: 0x00007ffe752517b0 | b0 17 25 75 fe 7f 00 00

Lock stack of current Java thread (top to bottom):


---------------  P R O C E S S  ---------------

Threads class SMR info:
_java_thread_list=0x0000018c0a387bd0, length=18, elements={
0x0000018bb3addd40, 0x0000018bc49cc610, 0x0000018bc49cd210, 0x0000018bc49d10e0,
0x0000018bc49d1c10, 0x0000018bc49d6760, 0x0000018bc49db2a0, 0x0000018bc49e41e0,
0x0000018bc4ac44f0, 0x0000018bc4b1a130, 0x0000018c0a285cf0, 0x0000018c0a675850,
0x0000018c0b777dd0, 0x0000018c0b9f74a0, 0x0000018c0ba639f0, 0x0000018c0ba79580,
0x0000018c0ba8d230, 0x0000018c0ba8c8d0
}

Java Threads: ( => current thread )
=>0x0000018bb3addd40 JavaThread "main"                              [_thread_in_native, id=2996, stack(0x0000006c3be00000,0x0000006c3bf00000) (1024K)]
  0x0000018bc49cc610 JavaThread "Reference Handler"          daemon [_thread_blocked, id=6388, stack(0x0000006c3c600000,0x0000006c3c700000) (1024K)]
  0x0000018bc49cd210 JavaThread "Finalizer"                  daemon [_thread_blocked, id=12820, stack(0x0000006c3c700000,0x0000006c3c800000) (1024K)]
  0x0000018bc49d10e0 JavaThread "Signal Dispatcher"          daemon [_thread_blocked, id=12844, stack(0x0000006c3c800000,0x0000006c3c900000) (1024K)]
  0x0000018bc49d1c10 JavaThread "Attach Listener"            daemon [_thread_blocked, id=13460, stack(0x0000006c3c900000,0x0000006c3ca00000) (1024K)]
  0x0000018bc49d6760 JavaThread "Service Thread"             daemon [_thread_blocked, id=9748, stack(0x0000006c3ca00000,0x0000006c3cb00000) (1024K)]
  0x0000018bc49db2a0 JavaThread "Monitor Deflation Thread"   daemon [_thread_blocked, id=9240, stack(0x0000006c3cb00000,0x0000006c3cc00000) (1024K)]
  0x0000018bc49e41e0 JavaThread "C1 CompilerThread0"         daemon [_thread_blocked, id=14252, stack(0x0000006c3cc00000,0x0000006c3cd00000) (1024K)]
  0x0000018bc4ac44f0 JavaThread "C1 CompilerThread1"         daemon [_thread_blocked, id=9084, stack(0x0000006c3cd00000,0x0000006c3ce00000) (1024K)]
  0x0000018bc4b1a130 JavaThread "Common-Cleaner"             daemon [_thread_blocked, id=13920, stack(0x0000006c3ce00000,0x0000006c3cf00000) (1024K)]
  0x0000018c0a285cf0 JavaThread "Monitor Ctrl-Break"         daemon [_thread_in_native, id=256, stack(0x0000006c3cf00000,0x0000006c3d000000) (1024K)]
  0x0000018c0a675850 JavaThread "C1 CompilerThread2"         daemon [_thread_blocked, id=13836, stack(0x0000006c3d000000,0x0000006c3d100000) (1024K)]
  0x0000018c0b777dd0 JavaThread "JFR Recorder Thread"        daemon [_thread_in_native, id=2068, stack(0x0000006c3d100000,0x0000006c3d200000) (1024K)]
  0x0000018c0b9f74a0 JavaThread "JFR Periodic Tasks"         daemon [_thread_blocked, id=10164, stack(0x0000006c3d200000,0x0000006c3d300000) (1024K)]
  0x0000018c0ba639f0 JavaThread "RMI TCP Accept-0"           daemon [_thread_in_native, id=12644, stack(0x0000006c3d300000,0x0000006c3d400000) (1024K)]
  0x0000018c0ba79580 JavaThread "RMI TCP Connection(1)-192.168.100.11" daemon [_thread_in_native, id=9288, stack(0x0000006c3d400000,0x0000006c3d500000) (1024K)]
  0x0000018c0ba8d230 JavaThread "RMI Scheduler(0)"           daemon [_thread_blocked, id=11932, stack(0x0000006c3d500000,0x0000006c3d600000) (1024K)]
  0x0000018c0ba8c8d0 JavaThread "JMX server connection timeout 33" daemon [_thread_blocked, id=14012, stack(0x0000006c3d600000,0x0000006c3d700000) (1024K)]
Total: 18

Other Threads:
  0x0000018bc49bf540 VMThread "VM Thread"                           [id=1356, stack(0x0000006c3c500000,0x0000006c3c600000) (1024K)]
  0x0000018bc4866840 WatcherThread "VM Periodic Task Thread"        [id=4808, stack(0x0000006c3c400000,0x0000006c3c500000) (1024K)]
  0x0000018bb36cc2f0 WorkerThread "GC Thread#0"                     [id=4424, stack(0x0000006c3bf00000,0x0000006c3c000000) (1024K)]
  0x0000018bb36dc1f0 ConcurrentGCThread "G1 Main Marker"            [id=3656, stack(0x0000006c3c000000,0x0000006c3c100000) (1024K)]
  0x0000018bb36dd780 WorkerThread "G1 Conc#0"                       [id=13292, stack(0x0000006c3c100000,0x0000006c3c200000) (1024K)]
  0x0000018bb3765fd0 ConcurrentGCThread "G1 Refine#0"               [id=3020, stack(0x0000006c3c200000,0x0000006c3c300000) (1024K)]
  0x0000018bb3766a60 ConcurrentGCThread "G1 Service"                [id=13784, stack(0x0000006c3c300000,0x0000006c3c400000) (1024K)]
Total: 7

Threads with active compile tasks:
Total: 0

VM state: not at safepoint (normal execution)

VM Mutex/Monitor currently owned by a thread: None

Heap address: 0x00000000a1a00000, size: 1510 MB, Compressed Oops mode: 32-bit

CDS archive(s) mapped at: [0x0000018bc5000000-0x0000018bc5d40000-0x0000018bc5d40000), size 13893632, SharedBaseAddress: 0x0000018bc5000000, ArchiveRelocationMode: 1.
Compressed class space mapped at: 0x0000018bc6000000-0x0000018c06000000, reserved size: 1073741824
UseCompressedClassPointers 1, UseCompactObjectHeaders 0
Narrow klass pointer bits 32, Max shift 3
Narrow klass base: 0x0000018bc5000000, Narrow klass shift: 0
Encoding Range: [0x0000018bc5000000 - 0x0000018cc5000000), (4294967296 bytes)
Klass Range:    [0x0000018bc5000000 - 0x0000018c06000000), (1090519040 bytes)
Klass ID Range:  [8 - 1090519033) (1090519025)

GC Precious Log:
 CardTable entry size: 512
 Card Set container configuration: InlinePtr #cards 5 size 8 Array Of Cards #cards 10 size 36 Howl #buckets 4 coarsen threshold 1843 Howl Bitmap #cards 512 size 80 coarsen threshold 460 Card regions per heap region 1 cards per card region 2048
 CPUs: 8 total, 8 available
 Memory: 6038M
 Large Page Support: Disabled
 NUMA Support: Disabled
 Compressed Oops: Enabled (32-bit)
 Heap Region Size: 1M
 Heap Min Capacity: 8M
 Heap Initial Capacity: 96M
 Heap Max Capacity: 1510M
 Pre-touch: Disabled
 Parallel Workers: 8
 Concurrent Workers: 2
 Concurrent Refinement Workers: 8
 Periodic GC: Disabled

Heap:
 garbage-first heap   total reserved 1546240K, committed 100352K, used 35956K [0x00000000a1a00000, 0x0000000100000000)
  region size 1024K, 33 young (33792K), 0 survivors (0K)
 Metaspace       used 6673K, committed 6912K, reserved 1114112K
  class space    used 727K, committed 832K, reserved 1048576K

Heap Regions: E=young(eden), S=young(survivor), O=old, HS=humongous(starts), HC=humongous(continues), CS=collection set, F=free, TAMS=top-at-mark-start, PB=parsable bottom
|   0|0x00000000a1a00000, 0x00000000a1b00000, 0x00000000a1b00000|100%|HS|  |TAMS 0x00000000a1a00000| PB 0x00000000a1a00000| Complete |  0
|   1|0x00000000a1b00000, 0x00000000a1c00000, 0x00000000a1c00000|100%|HS|  |TAMS 0x00000000a1b00000| PB 0x00000000a1b00000| Complete |  0
|   2|0x00000000a1c00000, 0x00000000a1c00000, 0x00000000a1d00000|  0%| F|  |TAMS 0x00000000a1c00000| PB 0x00000000a1c00000| Untracked |  0
|   3|0x00000000a1d00000, 0x00000000a1d00000, 0x00000000a1e00000|  0%| F|  |TAMS 0x00000000a1d00000| PB 0x00000000a1d00000| Untracked |  0
|   4|0x00000000a1e00000, 0x00000000a1e00000, 0x00000000a1f00000|  0%| F|  |TAMS 0x00000000a1e00000| PB 0x00000000a1e00000| Untracked |  0
|   5|0x00000000a1f00000, 0x00000000a1f00000, 0x00000000a2000000|  0%| F|  |TAMS 0x00000000a1f00000| PB 0x00000000a1f00000| Untracked |  0
|   6|0x00000000a2000000, 0x00000000a2000000, 0x00000000a2100000|  0%| F|  |TAMS 0x00000000a2000000| PB 0x00000000a2000000| Untracked |  0
|   7|0x00000000a2100000, 0x00000000a2100000, 0x00000000a2200000|  0%| F|  |TAMS 0x00000000a2100000| PB 0x00000000a2100000| Untracked |  0
|   8|0x00000000a2200000, 0x00000000a2200000, 0x00000000a2300000|  0%| F|  |TAMS 0x00000000a2200000| PB 0x00000000a2200000| Untracked |  0
|   9|0x00000000a2300000, 0x00000000a2300000, 0x00000000a2400000|  0%| F|  |TAMS 0x00000000a2300000| PB 0x00000000a2300000| Untracked |  0
|  10|0x00000000a2400000, 0x00000000a2400000, 0x00000000a2500000|  0%| F|  |TAMS 0x00000000a2400000| PB 0x00000000a2400000| Untracked |  0
|  11|0x00000000a2500000, 0x00000000a2500000, 0x00000000a2600000|  0%| F|  |TAMS 0x00000000a2500000| PB 0x00000000a2500000| Untracked |  0
|  12|0x00000000a2600000, 0x00000000a2600000, 0x00000000a2700000|  0%| F|  |TAMS 0x00000000a2600000| PB 0x00000000a2600000| Untracked |  0
|  13|0x00000000a2700000, 0x00000000a2700000, 0x00000000a2800000|  0%| F|  |TAMS 0x00000000a2700000| PB 0x00000000a2700000| Untracked |  0
|  14|0x00000000a2800000, 0x00000000a2800000, 0x00000000a2900000|  0%| F|  |TAMS 0x00000000a2800000| PB 0x00000000a2800000| Untracked |  0
|  15|0x00000000a2900000, 0x00000000a2900000, 0x00000000a2a00000|  0%| F|  |TAMS 0x00000000a2900000| PB 0x00000000a2900000| Untracked |  0
|  16|0x00000000a2a00000, 0x00000000a2a00000, 0x00000000a2b00000|  0%| F|  |TAMS 0x00000000a2a00000| PB 0x00000000a2a00000| Untracked |  0
|  17|0x00000000a2b00000, 0x00000000a2b00000, 0x00000000a2c00000|  0%| F|  |TAMS 0x00000000a2b00000| PB 0x00000000a2b00000| Untracked |  0
|  18|0x00000000a2c00000, 0x00000000a2c00000, 0x00000000a2d00000|  0%| F|  |TAMS 0x00000000a2c00000| PB 0x00000000a2c00000| Untracked |  0
|  19|0x00000000a2d00000, 0x00000000a2d00000, 0x00000000a2e00000|  0%| F|  |TAMS 0x00000000a2d00000| PB 0x00000000a2d00000| Untracked |  0
|  20|0x00000000a2e00000, 0x00000000a2e00000, 0x00000000a2f00000|  0%| F|  |TAMS 0x00000000a2e00000| PB 0x00000000a2e00000| Untracked |  0
|  21|0x00000000a2f00000, 0x00000000a2f00000, 0x00000000a3000000|  0%| F|  |TAMS 0x00000000a2f00000| PB 0x00000000a2f00000| Untracked |  0
|  22|0x00000000a3000000, 0x00000000a3000000, 0x00000000a3100000|  0%| F|  |TAMS 0x00000000a3000000| PB 0x00000000a3000000| Untracked |  0
|  23|0x00000000a3100000, 0x00000000a3100000, 0x00000000a3200000|  0%| F|  |TAMS 0x00000000a3100000| PB 0x00000000a3100000| Untracked |  0
|  24|0x00000000a3200000, 0x00000000a3200000, 0x00000000a3300000|  0%| F|  |TAMS 0x00000000a3200000| PB 0x00000000a3200000| Untracked |  0
|  25|0x00000000a3300000, 0x00000000a3300000, 0x00000000a3400000|  0%| F|  |TAMS 0x00000000a3300000| PB 0x00000000a3300000| Untracked |  0
|  26|0x00000000a3400000, 0x00000000a3400000, 0x00000000a3500000|  0%| F|  |TAMS 0x00000000a3400000| PB 0x00000000a3400000| Untracked |  0
|  27|0x00000000a3500000, 0x00000000a3500000, 0x00000000a3600000|  0%| F|  |TAMS 0x00000000a3500000| PB 0x00000000a3500000| Untracked |  0
|  28|0x00000000a3600000, 0x00000000a3600000, 0x00000000a3700000|  0%| F|  |TAMS 0x00000000a3600000| PB 0x00000000a3600000| Untracked |  0
|  29|0x00000000a3700000, 0x00000000a3700000, 0x00000000a3800000|  0%| F|  |TAMS 0x00000000a3700000| PB 0x00000000a3700000| Untracked |  0
|  30|0x00000000a3800000, 0x00000000a3800000, 0x00000000a3900000|  0%| F|  |TAMS 0x00000000a3800000| PB 0x00000000a3800000| Untracked |  0
|  31|0x00000000a3900000, 0x00000000a3900000, 0x00000000a3a00000|  0%| F|  |TAMS 0x00000000a3900000| PB 0x00000000a3900000| Untracked |  0
|  32|0x00000000a3a00000, 0x00000000a3a00000, 0x00000000a3b00000|  0%| F|  |TAMS 0x00000000a3a00000| PB 0x00000000a3a00000| Untracked |  0
|  33|0x00000000a3b00000, 0x00000000a3b00000, 0x00000000a3c00000|  0%| F|  |TAMS 0x00000000a3b00000| PB 0x00000000a3b00000| Untracked |  0
|  34|0x00000000a3c00000, 0x00000000a3c00000, 0x00000000a3d00000|  0%| F|  |TAMS 0x00000000a3c00000| PB 0x00000000a3c00000| Untracked |  0
|  35|0x00000000a3d00000, 0x00000000a3d00000, 0x00000000a3e00000|  0%| F|  |TAMS 0x00000000a3d00000| PB 0x00000000a3d00000| Untracked |  0
|  36|0x00000000a3e00000, 0x00000000a3e00000, 0x00000000a3f00000|  0%| F|  |TAMS 0x00000000a3e00000| PB 0x00000000a3e00000| Untracked |  0
|  37|0x00000000a3f00000, 0x00000000a3f00000, 0x00000000a4000000|  0%| F|  |TAMS 0x00000000a3f00000| PB 0x00000000a3f00000| Untracked |  0
|  38|0x00000000a4000000, 0x00000000a4000000, 0x00000000a4100000|  0%| F|  |TAMS 0x00000000a4000000| PB 0x00000000a4000000| Untracked |  0
|  39|0x00000000a4100000, 0x00000000a4100000, 0x00000000a4200000|  0%| F|  |TAMS 0x00000000a4100000| PB 0x00000000a4100000| Untracked |  0
|  40|0x00000000a4200000, 0x00000000a4200000, 0x00000000a4300000|  0%| F|  |TAMS 0x00000000a4200000| PB 0x00000000a4200000| Untracked |  0
|  41|0x00000000a4300000, 0x00000000a4300000, 0x00000000a4400000|  0%| F|  |TAMS 0x00000000a4300000| PB 0x00000000a4300000| Untracked |  0
|  42|0x00000000a4400000, 0x00000000a4400000, 0x00000000a4500000|  0%| F|  |TAMS 0x00000000a4400000| PB 0x00000000a4400000| Untracked |  0
|  43|0x00000000a4500000, 0x00000000a4500000, 0x00000000a4600000|  0%| F|  |TAMS 0x00000000a4500000| PB 0x00000000a4500000| Untracked |  0
|  44|0x00000000a4600000, 0x00000000a4600000, 0x00000000a4700000|  0%| F|  |TAMS 0x00000000a4600000| PB 0x00000000a4600000| Untracked |  0
|  45|0x00000000a4700000, 0x00000000a4700000, 0x00000000a4800000|  0%| F|  |TAMS 0x00000000a4700000| PB 0x00000000a4700000| Untracked |  0
|  46|0x00000000a4800000, 0x00000000a4800000, 0x00000000a4900000|  0%| F|  |TAMS 0x00000000a4800000| PB 0x00000000a4800000| Untracked |  0
|  47|0x00000000a4900000, 0x00000000a4900000, 0x00000000a4a00000|  0%| F|  |TAMS 0x00000000a4900000| PB 0x00000000a4900000| Untracked |  0
|  48|0x00000000a4a00000, 0x00000000a4a00000, 0x00000000a4b00000|  0%| F|  |TAMS 0x00000000a4a00000| PB 0x00000000a4a00000| Untracked |  0
|  49|0x00000000a4b00000, 0x00000000a4b00000, 0x00000000a4c00000|  0%| F|  |TAMS 0x00000000a4b00000| PB 0x00000000a4b00000| Untracked |  0
|  50|0x00000000a4c00000, 0x00000000a4c00000, 0x00000000a4d00000|  0%| F|  |TAMS 0x00000000a4c00000| PB 0x00000000a4c00000| Untracked |  0
|  51|0x00000000a4d00000, 0x00000000a4d00000, 0x00000000a4e00000|  0%| F|  |TAMS 0x00000000a4d00000| PB 0x00000000a4d00000| Untracked |  0
|  52|0x00000000a4e00000, 0x00000000a4e00000, 0x00000000a4f00000|  0%| F|  |TAMS 0x00000000a4e00000| PB 0x00000000a4e00000| Untracked |  0
|  53|0x00000000a4f00000, 0x00000000a4f00000, 0x00000000a5000000|  0%| F|  |TAMS 0x00000000a4f00000| PB 0x00000000a4f00000| Untracked |  0
|  54|0x00000000a5000000, 0x00000000a5000000, 0x00000000a5100000|  0%| F|  |TAMS 0x00000000a5000000| PB 0x00000000a5000000| Untracked |  0
|  55|0x00000000a5100000, 0x00000000a5100000, 0x00000000a5200000|  0%| F|  |TAMS 0x00000000a5100000| PB 0x00000000a5100000| Untracked |  0
|  56|0x00000000a5200000, 0x00000000a5200000, 0x00000000a5300000|  0%| F|  |TAMS 0x00000000a5200000| PB 0x00000000a5200000| Untracked |  0
|  57|0x00000000a5300000, 0x00000000a5300000, 0x00000000a5400000|  0%| F|  |TAMS 0x00000000a5300000| PB 0x00000000a5300000| Untracked |  0
|  58|0x00000000a5400000, 0x00000000a5400000, 0x00000000a5500000|  0%| F|  |TAMS 0x00000000a5400000| PB 0x00000000a5400000| Untracked |  0
|  59|0x00000000a5500000, 0x00000000a5500000, 0x00000000a5600000|  0%| F|  |TAMS 0x00000000a5500000| PB 0x00000000a5500000| Untracked |  0
|  60|0x00000000a5600000, 0x00000000a5600000, 0x00000000a5700000|  0%| F|  |TAMS 0x00000000a5600000| PB 0x00000000a5600000| Untracked |  0
|  61|0x00000000a5700000, 0x00000000a5700000, 0x00000000a5800000|  0%| F|  |TAMS 0x00000000a5700000| PB 0x00000000a5700000| Untracked |  0
|  62|0x00000000a5800000, 0x00000000a5800000, 0x00000000a5900000|  0%| F|  |TAMS 0x00000000a5800000| PB 0x00000000a5800000| Untracked |  0
|  63|0x00000000a5900000, 0x00000000a5980000, 0x00000000a5a00000| 50%| E|  |TAMS 0x00000000a5900000| PB 0x00000000a5900000| Complete |  0
|  64|0x00000000a5a00000, 0x00000000a5b00000, 0x00000000a5b00000|100%| E|CS|TAMS 0x00000000a5a00000| PB 0x00000000a5a00000| Complete |  0
|  65|0x00000000a5b00000, 0x00000000a5c00000, 0x00000000a5c00000|100%| E|CS|TAMS 0x00000000a5b00000| PB 0x00000000a5b00000| Complete |  0
|  66|0x00000000a5c00000, 0x00000000a5d00000, 0x00000000a5d00000|100%| E|CS|TAMS 0x00000000a5c00000| PB 0x00000000a5c00000| Complete |  0
|  67|0x00000000a5d00000, 0x00000000a5e00000, 0x00000000a5e00000|100%| E|CS|TAMS 0x00000000a5d00000| PB 0x00000000a5d00000| Complete |  0
|  68|0x00000000a5e00000, 0x00000000a5f00000, 0x00000000a5f00000|100%| E|CS|TAMS 0x00000000a5e00000| PB 0x00000000a5e00000| Complete |  0
|  69|0x00000000a5f00000, 0x00000000a6000000, 0x00000000a6000000|100%| E|CS|TAMS 0x00000000a5f00000| PB 0x00000000a5f00000| Complete |  0
|  70|0x00000000a6000000, 0x00000000a6100000, 0x00000000a6100000|100%| E|CS|TAMS 0x00000000a6000000| PB 0x00000000a6000000| Complete |  0
|  71|0x00000000a6100000, 0x00000000a6200000, 0x00000000a6200000|100%| E|CS|TAMS 0x00000000a6100000| PB 0x00000000a6100000| Complete |  0
|  72|0x00000000a6200000, 0x00000000a6300000, 0x00000000a6300000|100%| E|CS|TAMS 0x00000000a6200000| PB 0x00000000a6200000| Complete |  0
|  73|0x00000000a6300000, 0x00000000a6400000, 0x00000000a6400000|100%| E|CS|TAMS 0x00000000a6300000| PB 0x00000000a6300000| Complete |  0
|  74|0x00000000a6400000, 0x00000000a6500000, 0x00000000a6500000|100%| E|CS|TAMS 0x00000000a6400000| PB 0x00000000a6400000| Complete |  0
|  75|0x00000000a6500000, 0x00000000a6600000, 0x00000000a6600000|100%| E|CS|TAMS 0x00000000a6500000| PB 0x00000000a6500000| Complete |  0
|  76|0x00000000a6600000, 0x00000000a6700000, 0x00000000a6700000|100%| E|CS|TAMS 0x00000000a6600000| PB 0x00000000a6600000| Complete |  0
|  77|0x00000000a6700000, 0x00000000a6800000, 0x00000000a6800000|100%| E|CS|TAMS 0x00000000a6700000| PB 0x00000000a6700000| Complete |  0
|  78|0x00000000a6800000, 0x00000000a6900000, 0x00000000a6900000|100%| E|CS|TAMS 0x00000000a6800000| PB 0x00000000a6800000| Complete |  0
|  79|0x00000000a6900000, 0x00000000a6a00000, 0x00000000a6a00000|100%| E|CS|TAMS 0x00000000a6900000| PB 0x00000000a6900000| Complete |  0
|  80|0x00000000a6a00000, 0x00000000a6b00000, 0x00000000a6b00000|100%| E|CS|TAMS 0x00000000a6a00000| PB 0x00000000a6a00000| Complete |  0
|  81|0x00000000a6b00000, 0x00000000a6c00000, 0x00000000a6c00000|100%| E|CS|TAMS 0x00000000a6b00000| PB 0x00000000a6b00000| Complete |  0
|  82|0x00000000a6c00000, 0x00000000a6d00000, 0x00000000a6d00000|100%| E|CS|TAMS 0x00000000a6c00000| PB 0x00000000a6c00000| Complete |  0
|  83|0x00000000a6d00000, 0x00000000a6e00000, 0x00000000a6e00000|100%| E|CS|TAMS 0x00000000a6d00000| PB 0x00000000a6d00000| Complete |  0
|  84|0x00000000a6e00000, 0x00000000a6f00000, 0x00000000a6f00000|100%| E|CS|TAMS 0x00000000a6e00000| PB 0x00000000a6e00000| Complete |  0
|  85|0x00000000a6f00000, 0x00000000a7000000, 0x00000000a7000000|100%| E|CS|TAMS 0x00000000a6f00000| PB 0x00000000a6f00000| Complete |  0
|  86|0x00000000a7000000, 0x00000000a7100000, 0x00000000a7100000|100%| E|CS|TAMS 0x00000000a7000000| PB 0x00000000a7000000| Complete |  0
|  87|0x00000000a7100000, 0x00000000a7200000, 0x00000000a7200000|100%| E|CS|TAMS 0x00000000a7100000| PB 0x00000000a7100000| Complete |  0
|  88|0x00000000a7200000, 0x00000000a7300000, 0x00000000a7300000|100%| E|CS|TAMS 0x00000000a7200000| PB 0x00000000a7200000| Complete |  0
|  89|0x00000000a7300000, 0x00000000a7400000, 0x00000000a7400000|100%| E|CS|TAMS 0x00000000a7300000| PB 0x00000000a7300000| Complete |  0
|  90|0x00000000a7400000, 0x00000000a7500000, 0x00000000a7500000|100%| E|CS|TAMS 0x00000000a7400000| PB 0x00000000a7400000| Complete |  0
|  91|0x00000000a7500000, 0x00000000a7600000, 0x00000000a7600000|100%| E|CS|TAMS 0x00000000a7500000| PB 0x00000000a7500000| Complete |  0
|  92|0x00000000a7600000, 0x00000000a7700000, 0x00000000a7700000|100%| E|CS|TAMS 0x00000000a7600000| PB 0x00000000a7600000| Complete |  0
|  93|0x00000000a7700000, 0x00000000a7800000, 0x00000000a7800000|100%| E|CS|TAMS 0x00000000a7700000| PB 0x00000000a7700000| Complete |  0
|  94|0x00000000a7800000, 0x00000000a7900000, 0x00000000a7900000|100%| E|CS|TAMS 0x00000000a7800000| PB 0x00000000a7800000| Complete |  0
|  95|0x00000000a7900000, 0x00000000a7a00000, 0x00000000a7a00000|100%| E|CS|TAMS 0x00000000a7900000| PB 0x00000000a7900000| Complete |  0
|1508|0x00000000ffe00000, 0x00000000fff00000, 0x00000000fff00000|100%| O|  |TAMS 0x00000000ffe00000| PB 0x00000000ffe00000| Untracked |  0
|1509|0x00000000fff00000, 0x00000000fff1d1c0, 0x0000000100000000| 11%| O|  |TAMS 0x00000000fff00000| PB 0x00000000fff00000| Untracked |  0

Card table byte_map: [0x0000018bc0530000,0x0000018bc0830000] _byte_map_base: 0x0000018bc0023000

Marking Bits: (CMBitMap*) 0x0000018bb36cc910
 Bits: [0x0000018bc0830000, 0x0000018bc1fc8000)

Polling page: 0x0000018bb31e0000

Metaspace:

Usage:
  Non-class:      5.81 MB used.
      Class:    727.93 KB used.
       Both:      6.52 MB used.

Virtual space:
  Non-class space:       64.00 MB reserved,       5.94 MB (  9%) committed,  1 nodes.
      Class space:        1.00 GB reserved,     832.00 KB ( <1%) committed,  1 nodes.
             Both:        1.06 GB reserved,       6.75 MB ( <1%) committed. 

Chunk freelists:
   Non-Class:  10.05 MB
       Class:  15.20 MB
        Both:  25.25 MB

MaxMetaspaceSize: unlimited
CompressedClassSpaceSize: 1.00 GB
Initial GC threshold: 21.00 MB
Current GC threshold: 21.00 MB
CDS: on
 - commit_granule_bytes: 65536.
 - commit_granule_words: 8192.
 - virtual_space_node_default_size: 8388608.
 - enlarge_chunks_in_place: 1.
UseCompressedClassPointers 1, UseCompactObjectHeaders 0
Narrow klass pointer bits 32, Max shift 3
Narrow klass base: 0x0000018bc5000000, Narrow klass shift: 0
Encoding Range: [0x0000018bc5000000 - 0x0000018cc5000000), (4294967296 bytes)
Klass Range:    [0x0000018bc5000000 - 0x0000018c06000000), (1090519040 bytes)
Klass ID Range:  [8 - 1090519033) (1090519025)


Internal statistics:

num_allocs_failed_limit: 0.
num_arena_births: 182.
num_arena_deaths: 0.
num_vsnodes_births: 2.
num_vsnodes_deaths: 0.
num_space_committed: 108.
num_space_uncommitted: 0.
num_chunks_returned_to_freelist: 0.
num_chunks_taken_from_freelist: 247.
num_chunk_merges: 0.
num_chunk_splits: 140.
num_chunks_enlarged: 42.
num_inconsistent_stats: 0.

CodeCache: size=49152Kb used=4466Kb max_used=4466Kb free=44685Kb
 bounds [0x0000018bbcac0000, 0x0000018bbcf20000, 0x0000018bbfac0000]
 total_blobs=2404, nmethods=1926, adapters=402, full_count=0
Compilation: enabled, stopped_count=0, restarted_count=0

Compilation events (20 events):
Event: 1.103 Thread 0x0000018bc4ac44f0 nmethod 1768 0x0000018bbceed208 code [0x0000018bbceed320, 0x0000018bbceed5d8]
Event: 1.103 Thread 0x0000018bc4ac44f0 1773       1       sun.nio.fs.WindowsFileAttributes::fromFindData (127 bytes)
Event: 1.103 Thread 0x0000018c0a675850 nmethod 1770 0x0000018bbceed608 code [0x0000018bbceed780, 0x0000018bbceedc38]
Event: 1.103 Thread 0x0000018c0a675850 1774   !   1       sun.nio.fs.WindowsDirectoryStream$WindowsDirectoryIterator::acceptEntry (71 bytes)
Event: 1.103 Thread 0x0000018bc4ac44f0 nmethod 1773 0x0000018bbceedd08 code [0x0000018bbceede20, 0x0000018bbceee0c8]
Event: 1.103 Thread 0x0000018bc4ac44f0 1775       1       java.nio.file.Files$AcceptAllFilter::accept (9 bytes)
Event: 1.104 Thread 0x0000018bc4ac44f0 nmethod 1775 0x0000018bbceee108 code [0x0000018bbceee220, 0x0000018bbceee340]
Event: 1.104 Thread 0x0000018bc4ac44f0 1776       1       sun.nio.fs.WindowsDirectoryStream$WindowsDirectoryIterator::next (5 bytes)
Event: 1.104 Thread 0x0000018c0a675850 nmethod 1774 0x0000018bbceee408 code [0x0000018bbceee580, 0x0000018bbceee980]
Event: 1.104 Thread 0x0000018bc4ac44f0 nmethod 1776 0x0000018bbceeea08 code [0x0000018bbceeeb20, 0x0000018bbceeec10]
Event: 1.104 Thread 0x0000018c0a675850 1777  s    1       sun.nio.fs.WindowsDirectoryStream$WindowsDirectoryIterator::next (48 bytes)
Event: 1.104 Thread 0x0000018bc49e41e0 nmethod 1762 0x0000018bbceeed08 code [0x0000018bbceef0c0, 0x0000018bbcef0a28]
Event: 1.104 Thread 0x0000018c0a675850 nmethod 1777 0x0000018bbcef0b88 code [0x0000018bbcef0cc0, 0x0000018bbcef0fb8]
Event: 1.109 Thread 0x0000018bc49e41e0 1780       1       java.lang.invoke.LambdaForm$BasicType::basicTypeSlots (8 bytes)
Event: 1.109 Thread 0x0000018c0a675850 1781       1       sun.invoke.util.Wrapper::stackSlots (9 bytes)
Event: 1.109 Thread 0x0000018bc49e41e0 nmethod 1780 0x0000018bbcef1608 code [0x0000018bbcef1720, 0x0000018bbcef17f0]
Event: 1.109 Thread 0x0000018c0a675850 nmethod 1781 0x0000018bbcef1908 code [0x0000018bbcef1a00, 0x0000018bbcef1ac8]
Event: 1.114 Thread 0x0000018c0a675850 1782       1       java.lang.Integer::rotateRight (9 bytes)
Event: 1.115 Thread 0x0000018c0a675850 nmethod 1782 0x0000018bbcef1c08 code [0x0000018bbcef1d00, 0x0000018bbcef1db8]
Event: 1.128 Thread 0x0000018c0a675850 1784       1       java.util.Properties::getProperty (50 bytes)

GC Heap History (0 events):
No events

Dll operation events (11 events):
Event: 0.140 Loaded shared library C:\Program Files\Java\jdk-24\bin\java.dll
Event: 0.330 Loaded shared library C:\Program Files\Java\jdk-24\bin\zip.dll
Event: 0.337 Loaded shared library C:\Program Files\Java\jdk-24\bin\instrument.dll
Event: 0.346 Loaded shared library C:\Program Files\Java\jdk-24\bin\net.dll
Event: 0.350 Loaded shared library C:\Program Files\Java\jdk-24\bin\nio.dll
Event: 0.357 Loaded shared library C:\Program Files\Java\jdk-24\bin\zip.dll
Event: 0.591 Loaded shared library C:\Program Files\JetBrains\IntelliJ IDEA 2024.1.4\bin\breakgen64.dll
Event: 0.612 Loaded shared library C:\Program Files\Java\jdk-24\bin\extnet.dll
Event: 0.647 Loaded shared library C:\Program Files\Java\jdk-24\bin\jimage.dll
Event: 0.758 Loaded shared library C:\Program Files\Java\jdk-24\bin\management.dll
Event: 0.778 Loaded shared library C:\Program Files\Java\jdk-24\bin\management_ext.dll

Deoptimization events (2 events):
Event: 0.894 Thread 0x0000018bc49d1c10 DEOPT PACKING pc=0x0000018bbce1995c sp=0x0000006c3c9fc0a0
Event: 0.894 Thread 0x0000018bc49d1c10 DEOPT UNPACKING pc=0x0000018bbcb15722 sp=0x0000006c3c9fb5b8 mode 0

Classes loaded (20 events):
Event: 1.126 Loading class java/util/concurrent/SynchronousQueue done
Event: 1.126 Loading class java/util/concurrent/SynchronousQueue$Transferer
Event: 1.126 Loading class java/util/concurrent/LinkedTransferQueue
Event: 1.126 Loading class java/util/concurrent/TransferQueue
Event: 1.126 Loading class java/util/concurrent/TransferQueue done
Event: 1.127 Loading class java/util/concurrent/LinkedTransferQueue done
Event: 1.127 Loading class java/util/concurrent/SynchronousQueue$Transferer done
Event: 1.127 Loading class java/util/concurrent/LinkedTransferQueue$DualNode
Event: 1.127 Loading class java/util/concurrent/ForkJoinPool$ManagedBlocker
Event: 1.127 Loading class java/util/concurrent/ForkJoinPool$ManagedBlocker done
Event: 1.127 Loading class java/util/concurrent/LinkedTransferQueue$DualNode done
Event: 1.127 Loading class sun/rmi/transport/tcp/TCPTransport$1
Event: 1.127 Loading class sun/rmi/transport/tcp/TCPTransport$1 done
Event: 1.127 Loading class java/util/concurrent/locks/AbstractQueuedSynchronizer$ConditionObject
Event: 1.127 Loading class java/util/concurrent/locks/Condition
Event: 1.128 Loading class java/util/concurrent/locks/Condition done
Event: 1.128 Loading class java/util/concurrent/locks/AbstractQueuedSynchronizer$ConditionObject done
Event: 1.128 Loading class java/rmi/server/RMISocketFactory
Event: 1.129 Loading class java/rmi/server/RMIClientSocketFactory
Event: 1.129 Loading class java/rmi/server/RMIClientSocketFactory done

Classes unloaded (0 events):
No events

Classes redefined (0 events):
No events

Internal exceptions (20 events):
Event: 0.621 Thread 0x0000018c0a285cf0 Exception <a 'java/lang/NoSuchMethodError'{0x00000000a728fd68}: 'void java.lang.invoke.DirectMethodHandle$Holder.invokeStatic(java.lang.Object, java.lang.Object)'> (0x00000000a728fd68) 
thrown [s\open\src\hotspot\share\interpreter\linkResolver.cpp, line 805]
Event: 0.693 Thread 0x0000018bc49d1c10 Exception <a 'java/lang/NoSuchMethodError'{0x00000000a6f00938}: 'java.lang.Object java.lang.invoke.DirectMethodHandle$Holder.newInvokeSpecial(java.lang.Object, java.lang.Object, java.lang.Object, int)'> (0x00000000a6f00938) 
thrown [s\open\src\hotspot\share\interpreter\linkResolver.cpp, line 805]
Event: 0.694 Thread 0x0000018bc49d1c10 Exception <a 'java/lang/NoSuchMethodError'{0x00000000a6f09530}: 'java.lang.Object java.lang.invoke.Invokers$Holder.linkToTargetMethod(java.lang.Object, java.lang.Object, int, java.lang.Object)'> (0x00000000a6f09530) 
thrown [s\open\src\hotspot\share\interpreter\linkResolver.cpp, line 805]
Event: 0.705 Thread 0x0000018bc49d1c10 Exception <a 'java/lang/NoSuchMethodError'{0x00000000a6f45420}: 'long java.lang.invoke.DirectMethodHandle$Holder.invokeSpecial(java.lang.Object, java.lang.Object)'> (0x00000000a6f45420) 
thrown [s\open\src\hotspot\share\interpreter\linkResolver.cpp, line 805]
Event: 0.717 Thread 0x0000018bb3addd40 Exception <a 'java/lang/NoSuchMethodError'{0x00000000a70c3ee8}: 'void java.lang.invoke.DirectMethodHandle$Holder.invokeStaticInit(java.lang.Object)'> (0x00000000a70c3ee8) 
thrown [s\open\src\hotspot\share\interpreter\linkResolver.cpp, line 805]
Event: 0.749 Thread 0x0000018bb3addd40 Exception <a 'java/lang/NoSuchMethodError'{0x00000000a6e34e18}: 'void java.lang.invoke.DirectMethodHandle$Holder.invokeSpecial(java.lang.Object, java.lang.Object, java.lang.Object)'> (0x00000000a6e34e18) 
thrown [s\open\src\hotspot\share\interpreter\linkResolver.cpp, line 805]
Event: 0.771 Thread 0x0000018bb3addd40 Exception <a 'java/lang/NoSuchMethodError'{0x00000000a6d1c1f8}: 'java.lang.Object java.lang.invoke.DirectMethodHandle$Holder.newInvokeSpecial(java.lang.Object, java.lang.Object, java.lang.Object, java.lang.Object, java.lang.Object)'> (0x00000000a6d1c1f8) 
thrown [s\open\src\hotspot\share\interpreter\linkResolver.cpp, line 805]
Event: 0.786 Thread 0x0000018bc49d1c10 Exception <a 'java/lang/NoSuchMethodError'{0x00000000a6fc8058}: 'int java.lang.invoke.DirectMethodHandle$Holder.invokeInterface(java.lang.Object, java.lang.Object)'> (0x00000000a6fc8058) 
thrown [s\open\src\hotspot\share\interpreter\linkResolver.cpp, line 805]
Event: 0.786 Thread 0x0000018bc49d1c10 Exception <a 'java/lang/IncompatibleClassChangeError'{0x00000000a6fcfcd8}: Found class java.lang.Object, but interface was expected> (0x00000000a6fcfcd8) 
thrown [s\open\src\hotspot\share\interpreter\linkResolver.cpp, line 872]
Event: 0.835 Thread 0x0000018bc49d1c10 Exception <a 'java/lang/NoSuchMethodError'{0x00000000a6c4e8e8}: 'int java.lang.invoke.DirectMethodHandle$Holder.invokeSpecial(java.lang.Object, java.lang.Object, java.lang.Object)'> (0x00000000a6c4e8e8) 
thrown [s\open\src\hotspot\share\interpreter\linkResolver.cpp, line 805]
Event: 0.839 Thread 0x0000018bb3addd40 Exception <a 'java/lang/NoSuchMethodError'{0x00000000a6bb16a8}: 'long java.lang.invoke.DirectMethodHandle$Holder.invokeVirtual(java.lang.Object, java.lang.Object)'> (0x00000000a6bb16a8) 
thrown [s\open\src\hotspot\share\interpreter\linkResolver.cpp, line 805]
Event: 1.004 Thread 0x0000018bb3addd40 Exception <a 'java/lang/NoSuchMethodError'{0x00000000a6251d10}: 'void java.lang.invoke.DirectMethodHandle$Holder.invokeSpecial(java.lang.Object, java.lang.Object, int)'> (0x00000000a6251d10) 
thrown [s\open\src\hotspot\share\interpreter\linkResolver.cpp, line 805]
Event: 1.004 Thread 0x0000018bb3addd40 Exception <a 'java/lang/NoSuchMethodError'{0x00000000a6259930}: 'void java.lang.invoke.Invokers$Holder.invokeExact_MT(java.lang.Object, int, java.lang.Object)'> (0x00000000a6259930) 
thrown [s\open\src\hotspot\share\interpreter\linkResolver.cpp, line 805]
Event: 1.008 Thread 0x0000018bb3addd40 Exception <a 'java/lang/NoSuchMethodError'{0x00000000a62741e0}: 'void java.lang.invoke.DirectMethodHandle$Holder.invokeStatic(java.lang.Object, java.lang.Object, int)'> (0x00000000a62741e0) 
thrown [s\open\src\hotspot\share\interpreter\linkResolver.cpp, line 805]
Event: 1.008 Thread 0x0000018bb3addd40 Exception <a 'java/lang/NoSuchMethodError'{0x00000000a627f2c0}: 'java.lang.Object java.lang.invoke.DirectMethodHandle$Holder.newInvokeSpecial(java.lang.Object, java.lang.Object, int)'> (0x00000000a627f2c0) 
thrown [s\open\src\hotspot\share\interpreter\linkResolver.cpp, line 805]
Event: 1.016 Thread 0x0000018bb3addd40 Exception <a 'sun/nio/fs/WindowsException'{0x00000000a62b7ed0}> (0x00000000a62b7ed0) 
thrown [s\open\src\hotspot\share\prims\jni.cpp, line 518]
Event: 1.020 Thread 0x0000018bb3addd40 Exception <a 'sun/nio/fs/WindowsException'{0x00000000a62c4ca8}> (0x00000000a62c4ca8) 
thrown [s\open\src\hotspot\share\prims\jni.cpp, line 518]
Event: 1.025 Thread 0x0000018bb3addd40 Exception <a 'sun/nio/fs/WindowsException'{0x00000000a62d6a30}> (0x00000000a62d6a30) 
thrown [s\open\src\hotspot\share\prims\jni.cpp, line 518]
Event: 1.071 Thread 0x0000018bc49d1c10 Exception <a 'java/lang/NoSuchMethodError'{0x00000000a61d4ed8}: 'java.lang.Object java.lang.invoke.DirectMethodHandle$Holder.invokeStaticInit(java.lang.Object, int, int, int, int)'> (0x00000000a61d4ed8) 
thrown [s\open\src\hotspot\share\interpreter\linkResolver.cpp, line 805]
Event: 1.110 Thread 0x0000018bc49d1c10 Exception <a 'java/lang/NoSuchMethodError'{0x00000000a5d67820}: 'java.lang.Object java.lang.invoke.DirectMethodHandle$Holder.invokeStaticInit(java.lang.Object, java.lang.Object, int, int, int, int)'> (0x00000000a5d67820) 
thrown [s\open\src\hotspot\share\interpreter\linkResolver.cpp, line 805]

VM Operations (16 events):
Event: 0.309 Executing VM operation: HandshakeAllThreads (Deoptimize)
Event: 0.309 Executing VM operation: HandshakeAllThreads (Deoptimize) done
Event: 0.664 Executing VM operation: HandshakeAllThreads (Deoptimize)
Event: 0.664 Executing VM operation: HandshakeAllThreads (Deoptimize) done
Event: 0.792 Executing VM operation: HandshakeAllThreads (Deoptimize)
Event: 0.792 Executing VM operation: HandshakeAllThreads (Deoptimize) done
Event: 0.893 Executing VM operation: HandshakeAllThreads (Deoptimize)
Event: 0.893 Executing VM operation: HandshakeAllThreads (Deoptimize) done
Event: 1.011 Executing VM operation: HandshakeAllThreads (Deoptimize)
Event: 1.011 Executing VM operation: HandshakeAllThreads (Deoptimize) done
Event: 1.014 Executing VM operation: HandshakeAllThreads (Deoptimize)
Event: 1.014 Executing VM operation: HandshakeAllThreads (Deoptimize) done
Event: 1.014 Executing VM operation: HandshakeAllThreads (Deoptimize)
Event: 1.014 Executing VM operation: HandshakeAllThreads (Deoptimize) done
Event: 1.058 Executing VM operation: JFRSafepointClear
Event: 1.058 Executing VM operation: JFRSafepointClear done

Memory protections (0 events):
No events

Nmethod flushes (0 events):
No events

Events (14 events):
Event: 0.160 Thread 0x0000018bb3addd40 Thread added: 0x0000018bb3addd40
Event: 0.182 Thread 0x0000018bb3addd40 Thread added: 0x0000018bc49cc610
Event: 0.183 Thread 0x0000018bb3addd40 Thread added: 0x0000018bc49cd210
Event: 0.183 Thread 0x0000018bb3addd40 Thread added: 0x0000018bc49d10e0
Event: 0.183 Thread 0x0000018bb3addd40 Thread added: 0x0000018bc49d1c10
Event: 0.183 Thread 0x0000018bb3addd40 Thread added: 0x0000018bc49d6760
Event: 0.183 Thread 0x0000018bb3addd40 Thread added: 0x0000018bc49db2a0
Event: 0.184 Thread 0x0000018bb3addd40 Thread added: 0x0000018bc49e41e0
Event: 0.309 Thread 0x0000018bc49e41e0 Thread added: 0x0000018bc4ac44f0
Event: 0.342 Thread 0x0000018bb3addd40 Thread added: 0x0000018bc4b1a130
Event: 0.593 Thread 0x0000018bb3addd40 Thread added: 0x0000018c0a285cf0
Event: 0.630 Thread 0x0000018bc49e41e0 Thread added: 0x0000018c0a675850
Event: 0.711 Thread 0x0000018bb3addd40 Thread added: 0x0000018c0b777dd0
Event: 1.009 Thread 0x0000018bb3addd40 Thread added: 0x0000018c0b9f74a0


Dynamic libraries:
0x00007ff75f720000 - 0x00007ff75f730000 	C:\Program Files\Java\jdk-24\bin\java.exe
0x00007ffeb3290000 - 0x00007ffeb3488000 	C:\WINDOWS\SYSTEM32\ntdll.dll
0x00007ffeb1f70000 - 0x00007ffeb2032000 	C:\WINDOWS\System32\KERNEL32.DLL
0x00007ffeb0df0000 - 0x00007ffeb10e6000 	C:\WINDOWS\System32\KERNELBASE.dll
0x00007ffeb0980000 - 0x00007ffeb0a80000 	C:\WINDOWS\System32\ucrtbase.dll
0x00007ffeabec0000 - 0x00007ffeabedb000 	C:\Program Files\Java\jdk-24\bin\VCRUNTIME140.dll
0x00007ffeabea0000 - 0x00007ffeabeb6000 	C:\Program Files\Java\jdk-24\bin\jli.dll
0x00007ffeb30a0000 - 0x00007ffeb323d000 	C:\WINDOWS\System32\USER32.dll
0x00007ffeb0d70000 - 0x00007ffeb0d92000 	C:\WINDOWS\System32\win32u.dll
0x00007ffea0f50000 - 0x00007ffea11ea000 	C:\WINDOWS\WinSxS\amd64_microsoft.windows.common-controls_6595b64144ccf1df_6.0.19041.5915_none_60b4b9d171f9c7c7\COMCTL32.dll
0x00007ffeb1a90000 - 0x00007ffeb1b2e000 	C:\WINDOWS\System32\msvcrt.dll
0x00007ffeb2380000 - 0x00007ffeb23ab000 	C:\WINDOWS\System32\GDI32.dll
0x00007ffeb0bd0000 - 0x00007ffeb0ce9000 	C:\WINDOWS\System32\gdi32full.dll
0x00007ffeb0a80000 - 0x00007ffeb0b1d000 	C:\WINDOWS\System32\msvcp_win.dll
0x00007ffeb3060000 - 0x00007ffeb308f000 	C:\WINDOWS\System32\IMM32.DLL
0x00007ffeb03a0000 - 0x00007ffeb03d6000 	C:\WINDOWS\system32\DriverStore\FileRepository\nvdmi.inf_amd64_b79991c48f5211ac\nvinitx.dll
0x00007ffeb26c0000 - 0x00007ffeb2771000 	C:\WINDOWS\System32\ADVAPI32.dll
0x00007ffeb2250000 - 0x00007ffeb22ef000 	C:\WINDOWS\System32\sechost.dll
0x00007ffeb0390000 - 0x00007ffeb039a000 	C:\WINDOWS\SYSTEM32\VERSION.dll
0x00007ffeb23c0000 - 0x00007ffeb24e3000 	C:\WINDOWS\System32\RPCRT4.dll
0x00007ffeb10f0000 - 0x00007ffeb1117000 	C:\WINDOWS\System32\bcrypt.dll
0x00007ffeb28f0000 - 0x00007ffeb305e000 	C:\WINDOWS\System32\Shell32.dll
0x00007ffeae9b0000 - 0x00007ffeaf154000 	C:\WINDOWS\SYSTEM32\windows.storage.dll
0x00007ffeb1b30000 - 0x00007ffeb1e83000 	C:\WINDOWS\System32\combase.dll
0x00007ffeb02f0000 - 0x00007ffeb031b000 	C:\WINDOWS\SYSTEM32\Wldp.dll
0x00007ffeb19a0000 - 0x00007ffeb1a6d000 	C:\WINDOWS\System32\OLEAUT32.dll
0x00007ffeb24f0000 - 0x00007ffeb259d000 	C:\WINDOWS\System32\SHCORE.dll
0x00007ffeb2890000 - 0x00007ffeb28eb000 	C:\WINDOWS\System32\shlwapi.dll
0x0000000063220000 - 0x0000000063226000 	C:\Program Files\NVIDIA Corporation\CoProcManager\_etoured.dll
0x00007ffea7010000 - 0x00007ffea7053000 	C:\Program Files\NVIDIA Corporation\CoProcManager\nvd3d9wrapx.dll
0x00007ffeb1310000 - 0x00007ffeb1780000 	C:\WINDOWS\System32\SETUPAPI.dll
0x00007ffeb0da0000 - 0x00007ffeb0dee000 	C:\WINDOWS\System32\cfgmgr32.dll
0x00007ffea6ee0000 - 0x00007ffea6f0d000 	C:\Program Files\NVIDIA Corporation\CoProcManager\nvdxgiwrapx.dll
0x00007ffeabe90000 - 0x00007ffeabe9c000 	C:\Program Files\Java\jdk-24\bin\vcruntime140_1.dll
0x00007ffea33d0000 - 0x00007ffea345e000 	C:\Program Files\Java\jdk-24\bin\msvcp140.dll
0x00007ffe74620000 - 0x00007ffe753c2000 	C:\Program Files\Java\jdk-24\bin\server\jvm.dll
0x00007ffeb1930000 - 0x00007ffeb199b000 	C:\WINDOWS\System32\WS2_32.dll
0x00007ffeb0510000 - 0x00007ffeb055b000 	C:\WINDOWS\SYSTEM32\POWRPROF.dll
0x00007ffea48c0000 - 0x00007ffea48e7000 	C:\WINDOWS\SYSTEM32\WINMM.dll
0x00007ffeb04d0000 - 0x00007ffeb04e2000 	C:\WINDOWS\SYSTEM32\UMPDC.dll
0x00007ffeae7b0000 - 0x00007ffeae7c2000 	C:\WINDOWS\SYSTEM32\kernel.appcore.dll
0x00007ffeabe80000 - 0x00007ffeabe8a000 	C:\Program Files\Java\jdk-24\bin\jimage.dll
0x00007ffe8d3d0000 - 0x00007ffe8d5d1000 	C:\WINDOWS\SYSTEM32\DBGHELP.DLL
0x00007ffe8ebd0000 - 0x00007ffe8ec04000 	C:\WINDOWS\SYSTEM32\dbgcore.DLL
0x00007ffeb1280000 - 0x00007ffeb1302000 	C:\WINDOWS\System32\bcryptPrimitives.dll
0x00007ffeabe70000 - 0x00007ffeabe7f000 	C:\Program Files\Java\jdk-24\bin\instrument.dll
0x00007ffeabe10000 - 0x00007ffeabe2e000 	C:\Program Files\Java\jdk-24\bin\java.dll
0x00007ffeb1800000 - 0x00007ffeb192b000 	C:\WINDOWS\System32\ole32.dll
0x00007ffe8e190000 - 0x00007ffe8e407000 	C:\Users\Saman\AppData\Local\Temp\idea_libasyncProfiler_dll_temp_folder\libasyncProfiler.dll
0x00007ffeb08b0000 - 0x00007ffeb08d5000 	C:\WINDOWS\SYSTEM32\profapi.dll
0x00007ffeabdf0000 - 0x00007ffeabe07000 	C:\Program Files\Java\jdk-24\bin\zip.dll
0x00007ffeabdc0000 - 0x00007ffeabdd0000 	C:\Program Files\Java\jdk-24\bin\net.dll
0x00007ffeafff0000 - 0x00007ffeb005a000 	C:\WINDOWS\system32\mswsock.dll
0x00007ffeaa4a0000 - 0x00007ffeaa4b6000 	C:\Program Files\Java\jdk-24\bin\nio.dll
0x00007ffea9a50000 - 0x00007ffea9a6a000 	C:\Program Files\JetBrains\IntelliJ IDEA 2024.1.4\bin\breakgen64.dll
0x00007ffeabdb0000 - 0x00007ffeabdb9000 	C:\Program Files\Java\jdk-24\bin\extnet.dll
0x00007ffeafd10000 - 0x00007ffeafdda000 	C:\WINDOWS\SYSTEM32\DNSAPI.dll
0x00007ffeafcd0000 - 0x00007ffeafd0b000 	C:\WINDOWS\SYSTEM32\IPHLPAPI.DLL
0x00007ffeb23b0000 - 0x00007ffeb23b8000 	C:\WINDOWS\System32\NSI.dll
0x00007ffea3fc0000 - 0x00007ffea3fca000 	C:\Windows\System32\rasadhlp.dll
0x00007ffea2ef0000 - 0x00007ffea2f70000 	C:\WINDOWS\System32\fwpuclnt.dll
0x00007ffea3380000 - 0x00007ffea338a000 	C:\Program Files\Java\jdk-24\bin\management.dll
0x00007ffea3370000 - 0x00007ffea337b000 	C:\Program Files\Java\jdk-24\bin\management_ext.dll
0x00007ffeb3090000 - 0x00007ffeb3098000 	C:\WINDOWS\System32\PSAPI.DLL
0x00007ffeb01f0000 - 0x00007ffeb0208000 	C:\WINDOWS\SYSTEM32\CRYPTSP.dll
0x00007ffeaf910000 - 0x00007ffeaf948000 	C:\WINDOWS\system32\rsaenh.dll
0x00007ffeb0870000 - 0x00007ffeb089e000 	C:\WINDOWS\SYSTEM32\USERENV.dll
0x00007ffeb01e0000 - 0x00007ffeb01ec000 	C:\WINDOWS\SYSTEM32\CRYPTBASE.dll
0x00007ffe85410000 - 0x00007ffe85427000 	C:\WINDOWS\system32\napinsp.dll
0x00007ffe852d0000 - 0x00007ffe852eb000 	C:\WINDOWS\system32\pnrpnsp.dll
0x00007ffeac700000 - 0x00007ffeac71d000 	C:\WINDOWS\system32\wshbth.dll
0x00007ffeac740000 - 0x00007ffeac75d000 	C:\WINDOWS\system32\NLAapi.dll
0x00007ffe852b0000 - 0x00007ffe852c2000 	C:\WINDOWS\System32\winrnr.dll
0x00007ffe9ac70000 - 0x00007ffe9acc1000 	C:\WINDOWS\SYSTEM32\pdh.dll

JVMTI agents:
C:\Program Files\JetBrains\IntelliJ IDEA 2024.1.4\lib\idea_rt.jar path:C:\Program Files\Java\jdk-24\bin\instrument.dll, loaded, initialized, instrumentlib options:3535:C:\Program Files\JetBrains\IntelliJ IDEA 2024.1.4\bin
C:\Users\Saman\AppData\Local\Temp\idea_libasyncProfiler_dll_temp_folder\libasyncProfiler.dll path:C:\Users\Saman\AppData\Local\Temp\idea_libasyncProfiler_dll_temp_folder\libasyncProfiler.dll, loaded, initialized, options:start,jfr,event=wall,interval=10ms,jfrsync=profile,cstack=no,file=C:\Users\Saman\IdeaSnapshots\HellospringApplication_2025_07_05_112935.jfr,dbghelppath=C:\Users\Saman\AppData\Local\Temp\idea_dbghelp_dll_temp_folder\dbghelp.dll,log=C:\Users\Saman\AppData\Local\Temp\HellospringApplication_2025_07_05_112935.jfr.log.txt,logLevel=DEBUG

dbghelp: loaded successfully - version: 4.0.5 - missing functions: none
symbol engine: initialized successfully - sym options: 0x614 - pdb path: .;C:\Program Files\Java\jdk-24\bin;C:\WINDOWS\SYSTEM32;C:\WINDOWS\WinSxS\amd64_microsoft.windows.common-controls_6595b64144ccf1df_6.0.19041.5915_none_60b4b9d171f9c7c7;C:\WINDOWS\system32\DriverStore\FileRepository\nvdmi.inf_amd64_b79991c48f5211ac;C:\Program Files\NVIDIA Corporation\CoProcManager;C:\Program Files\Java\jdk-24\bin\server;C:\Users\Saman\AppData\Local\Temp\idea_libasyncProfiler_dll_temp_folder;C:\Program Files\JetBrains\IntelliJ IDEA 2024.1.4\bin

VM Arguments:
jvm_args: -XX:TieredStopAtLevel=1 -Dspring.output.ansi.enabled=always -Dcom.sun.management.jmxremote -Dspring.jmx.enabled=true -Dspring.liveBeansView.mbeanDomain -Dspring.application.admin.enabled=true -Dmanagement.endpoints.jmx.exposure.include=* -javaagent:C:\Program Files\JetBrains\IntelliJ IDEA 2024.1.4\lib\idea_rt.jar=3535:C:\Program Files\JetBrains\IntelliJ IDEA 2024.1.4\bin -agentpath:C:\Users\Saman\AppData\Local\Temp\idea_libasyncProfiler_dll_temp_folder\libasyncProfiler.dll=start,jfr,event=wall,interval=10ms,jfrsync=profile,cstack=no,file=C:\Users\Saman\IdeaSnapshots\HellospringApplication_2025_07_05_112935.jfr,dbghelppath=C:\Users\Saman\AppData\Local\Temp\idea_dbghelp_dll_temp_folder\dbghelp.dll,log=C:\Users\Saman\AppData\Local\Temp\HellospringApplication_2025_07_05_112935.jfr.log.txt,logLevel=DEBUG -Dfile.encoding=UTF-8 -Dsun.stdout.encoding=UTF-8 -Dsun.stderr.encoding=UTF-8 
java_command: com.example.hellospring.HellospringApplication
java_class_path (initial): C:\hellospring\hellospring\target\classes;C:\Users\Saman\.m2\repository\org\springframework\boot\spring-boot-starter-thymeleaf\4.0.0-SNAPSHOT\spring-boot-starter-thymeleaf-4.0.0-20250703.083332-266.jar;C:\Users\Saman\.m2\repository\org\springframework\boot\spring-boot-starter\4.0.0-SNAPSHOT\spring-boot-starter-4.0.0-20250703.083332-266.jar;C:\Users\Saman\.m2\repository\org\springframework\boot\spring-boot\4.0.0-SNAPSHOT\spring-boot-4.0.0-20250703.083332-266.jar;C:\Users\Saman\.m2\repository\org\springframework\spring-context\7.0.0-SNAPSHOT\spring-context-7.0.0-20250704.095314-705.jar;C:\Users\Saman\.m2\repository\org\springframework\boot\spring-boot-autoconfigure\4.0.0-SNAPSHOT\spring-boot-autoconfigure-4.0.0-20250703.083332-266.jar;C:\Users\Saman\.m2\repository\org\springframework\boot\spring-boot-starter-logging\4.0.0-SNAPSHOT\spring-boot-starter-logging-4.0.0-20250703.083332-266.jar;C:\Users\Saman\.m2\repository\ch\qos\logback\logback-classic\1.5.18\logback-classic-1.5.18.jar;C:\Users\Saman\.m2\repository\ch\qos\logback\logback-core\1.5.18\logback-core-1.5.18.jar;C:\Users\Saman\.m2\repository\org\apache\logging\log4j\log4j-to-slf4j\2.24.3\log4j-to-slf4j-2.24.3.jar;C:\Users\Saman\.m2\repository\org\apache\logging\log4j\log4j-api\2.24.3\log4j-api-2.24.3.jar;C:\Users\Saman\.m2\repository\org\slf4j\jul-to-slf4j\2.0.17\jul-to-slf4j-2.0.17.jar;C:\Users\Saman\.m2\repository\jakarta\annotation\jakarta.annotation-api\3.0.0\jakarta.annotation-api-3.0.0.jar;C:\Users\Saman\.m2\repository\org\yaml\snakeyaml\2.4\snakeyaml-2.4.jar;C:\Users\Saman\.m2\repository\org\springframework\boot\spring-boot-thymeleaf\4.0.0-SNAPSHOT\spring-boot-thymeleaf-4.0.0-20250703.083332-61.jar;C:\Users\Saman\.m2\repository\org\thymeleaf\thymeleaf-spring6\3.1.3.RELEASE\thymeleaf-spring6-3.1.3.RELEASE.jar;C:\Users\Saman\.m2\repository\org\thymeleaf\thymeleaf\3.1.3.RELEASE\thymeleaf-3.1.3.RELEASE.jar;C:\Users\Saman\.m2\repository\org\attoparser\attoparser\2.0.7.RELEASE\attoparser-2.0.7.RELEASE.jar;C:\Users\Saman\.m2\repository\org\unbescape\unbescape\1.1.6.RELEASE\unbescape-1.1.6.RELEASE.jar;C:\Users\Saman\.m2\repository\org\springframework\spring-web\7.0.0-SNAPSHOT\spring-web-7.0.0-20250704.095314-705.jar;C:\Users\Saman\.m2\repository\org\springframework\spring-beans\7.0.0-SNAPSHOT\spring-beans-7.0.0-20250704.095314-705.jar;C:\Users\Saman\.m2\repository\io\micrometer\micrometer-observation\1.15.1\micrometer-observation-1.15.1.jar;C:\Users\Saman\.m2\repository\io\micrometer\micrometer-commons\1.15.1\micrometer-commons-1.15.1.jar;C:\Users\Saman\.m2\repository\org\springframework\boot\spring-boot-starter-data-jpa\4.0.0-SNAPSHOT\spring-boot-starter-data-jpa-4.0.0-20250703.083332-266.jar;C:\Users\Saman\.m2\repository\org\springframework\boot\spring-boot-data-jpa\4.0.0-SNAPSHOT\spring-boot-data-jpa-4.0.0-20250703.083332-73.jar;C:\Users\Saman\.m2\repository\org\springframework\boot\spring-boot-data-commons\4.0.0-SNAPSHOT\spring-boot-data-commons-4.0.0-20250703.083332-8.jar;C:\Users\Saman\.m2\repository\org\springframework\data\spring-data-commons\4.0.0-SNAPSHOT\spring-data-commons-4.0.0-20250625.124616-268.jar;C:\Users\Saman\.m2\repository\org\springframework\boot\spring-boot-hibernate\4.0.0-SNAPSHOT\spring-boot-hibernate-4.0.0-20250703.083332-8.jar;C:\Users\Saman\.m2\repository\org\springframework\boot\spring-boot-jpa\4.0.0-SNAPSHOT\spring-boot-jpa-4.0.0-20250703.083332-73.jar;C:\Users\Saman\.m2\repository\jakarta\persistence\jakarta.persistence-api\3.2.0\jakarta.persistence-api-3.2.0.jar;C:\Users\Saman\.m2\repository\org\hibernate\orm\hibernate-core\7.0.2.Final\hibernate-core-7.0.2.Final.jar;C:\Users\Saman\.m2\repository\jakarta\transaction\jakarta.transaction-api\2.0.1\jakarta.transaction-api-2.0.1.jar;C:\Users\Saman\.m2\repository\org\jboss\logging\jboss-logging\3.6.1.Final\jboss-logging-3.6.1.Final.jar;C:\Users\Saman\.m2\repository\org\hibernate\models\hibernate-models\1.0.0\hibernate-models-1.0.0.jar;C:\Users\Saman\.m2\repository\com\fasterxml\classmate\1.7.0\classmate-1.7.0.jar;C:\Users\Saman\.m2\repository\org\glassfish\jaxb\jaxb-runtime\4.0.5\jaxb-runtime-4.0.5.jar;C:\Users\Saman\.m2\repository\org\glassfish\jaxb\jaxb-core\4.0.5\jaxb-core-4.0.5.jar;C:\Users\Saman\.m2\repository\org\eclipse\angus\angus-activation\2.0.2\angus-activation-2.0.2.jar;C:\Users\Saman\.m2\repository\org\glassfish\jaxb\txw2\4.0.5\txw2-4.0.5.jar;C:\Users\Saman\.m2\repository\com\sun\istack\istack-commons-runtime\4.1.2\istack-commons-runtime-4.1.2.jar;C:\Users\Saman\.m2\repository\jakarta\inject\jakarta.inject-api\2.0.1\jakarta.inject-api-2.0.1.jar;C:\Users\Saman\.m2\repository\org\springframework\spring-orm\7.0.0-SNAPSHOT\spring-orm-7.0.0-20250704.095314-705.jar;C:\Users\Saman\.m2\repository\org\springframework\data\spring-data-jpa\4.0.0-SNAPSHOT\spring-data-jpa-4.0.0-20250701.084529-313.jar;C:\Users\Saman\.m2\repository\org\springframework\spring-aop\7.0.0-SNAPSHOT\spring-aop-7.0.0-20250704.095314-705.jar;C:\Users\Saman\.m2\repository\org\springframework\spring-tx\7.0.0-SNAPSHOT\spring-tx-7.0.0-20250704.095314-705.jar;C:\Users\Saman\.m2\repository\org\antlr\antlr4-runtime\4.13.2\antlr4-runtime-4.13.2.jar;C:\Users\Saman\.m2\repository\org\springframework\spring-aspects\7.0.0-SNAPSHOT\spring-aspects-7.0.0-20250704.095314-705.jar;C:\Users\Saman\.m2\repository\org\aspectj\aspectjweaver\1.9.24\aspectjweaver-1.9.24.jar;C:\Users\Saman\.m2\repository\org\springframework\boot\spring-boot-starter-jdbc\4.0.0-SNAPSHOT\spring-boot-starter-jdbc-4.0.0-20250703.083332-266.jar;C:\Users\Saman\.m2\repository\org\springframework\boot\spring-boot-jdbc\4.0.0-SNAPSHOT\spring-boot-jdbc-4.0.0-20250703.083332-87.jar;C:\Users\Saman\.m2\repository\org\springframework\boot\spring-boot-sql\4.0.0-SNAPSHOT\spring-boot-sql-4.0.0-20250703.083332-36.jar;C:\Users\Saman\.m2\repository\org\springframework\spring-jdbc\7.0.0-SNAPSHOT\spring-jdbc-7.0.0-20250704.095314-705.jar;C:\Users\Saman\.m2\repository\org\springframework\boot\spring-boot-tx\4.0.0-SNAPSHOT\spring-boot-tx-4.0.0-20250703.083332-87.jar;C:\Users\Saman\.m2\repository\com\zaxxer\HikariCP\6.3.0\HikariCP-6.3.0.jar;C:\Users\Saman\.m2\repository\com\h2database\h2\2.3.232\h2-2.3.232.jar;C:\Users\Saman\.m2\repository\org\springframework\boot\spring-boot-starter-web\4.0.0-SNAPSHOT\spring-boot-starter-web-4.0.0-20250703.083332-266.jar;C:\Users\Saman\.m2\repository\org\springframework\boot\spring-boot-http-converter\4.0.0-SNAPSHOT\spring-boot-http-converter-4.0.0-20250703.083332-18.jar;C:\Users\Saman\.m2\repository\org\springframework\boot\spring-boot-starter-json\4.0.0-SNAPSHOT\spring-boot-starter-json-4.0.0-20250703.083332-266.jar;C:\Users\Saman\.m2\repository\org\springframework\boot\spring-boot-jackson\4.0.0-SNAPSHOT\spring-boot-jackson-4.0.0-20250703.083332-93.jar;C:\Users\Saman\.m2\repository\com\fasterxml\jackson\core\jackson-databind\2.19.1\jackson-databind-2.19.1.jar;C:\Users\Saman\.m2\repository\com\fasterxml\jackson\core\jackson-annotations\2.19.1\jackson-annotations-2.19.1.jar;C:\Users\Saman\.m2\repository\com\fasterxml\jackson\core\jackson-core\2.19.1\jackson-core-2.19.1.jar;C:\Users\Saman\.m2\repository\com\fasterxml\jackson\datatype\jackson-datatype-jdk8\2.19.1\jackson-datatype-jdk8-2.19.1.jar;C:\Users\Saman\.m2\repository\com\fasterxml\jackson\datatype\jackson-datatype-jsr310\2.19.1\jackson-datatype-jsr310-2.19.1.jar;C:\Users\Saman\.m2\repository\com\fasterxml\jackson\module\jackson-module-parameter-names\2.19.1\jackson-module-parameter-names-2.19.1.jar;C:\Users\Saman\.m2\repository\org\springframework\boot\spring-boot-starter-tomcat\4.0.0-SNAPSHOT\spring-boot-starter-tomcat-4.0.0-20250703.083332-266.jar;C:\Users\Saman\.m2\repository\org\springframework\boot\spring-boot-tomcat\4.0.0-SNAPSHOT\spring-boot-tomcat-4.0.0-20250703.083332-104.jar;C:\Users\Saman\.m2\repository\org\springframework\boot\spring-boot-web-server\4.0.0-SNAPSHOT\spring-boot-web-server-4.0.0-20250703.083332-23.jar;C:\Users\Saman\.m2\repository\org\apache\tomcat\embed\tomcat-embed-core\11.0.8\tomcat-embed-core-11.0.8.jar;C:\Users\Saman\.m2\repository\org\apache\tomcat\embed\tomcat-embed-el\11.0.8\tomcat-embed-el-11.0.8.jar;C:\Users\Saman\.m2\repository\org\apache\tomcat\embed\tomcat-embed-websocket\11.0.8\tomcat-embed-websocket-11.0.8.jar;C:\Users\Saman\.m2\repository\org\springframework\boot\spring-boot-webmvc\4.0.0-SNAPSHOT\spring-boot-webmvc-4.0.0-20250703.083332-53.jar;C:\Users\Saman\.m2\repository\org\springframework\boot\spring-boot-servlet\4.0.0-SNAPSHOT\spring-boot-servlet-4.0.0-20250703.083332-8.jar;C:\Users\Saman\.m2\repository\org\springframework\spring-webmvc\7.0.0-SNAPSHOT\spring-webmvc-7.0.0-20250704.095314-705.jar;C:\Users\Saman\.m2\repository\org\springframework\spring-expression\7.0.0-SNAPSHOT\spring-expression-7.0.0-20250704.095314-705.jar;C:\Users\Saman\.m2\repository\org\slf4j\slf4j-api\2.0.17\slf4j-api-2.0.17.jar;C:\Users\Saman\.m2\repository\jakarta\xml\bind\jakarta.xml.bind-api\4.0.2\jakarta.xml.bind-api-4.0.2.jar;C:\Users\Saman\.m2\repository\jakarta\activation\jakarta.activation-api\2.1.3\jakarta.activation-api-2.1.3.jar;C:\Users\Saman\.m2\repository\net\bytebuddy\byte-buddy\1.17.6\byte-buddy-1.17.6.jar;C:\Users\Saman\.m2\repository\org\springframework\spring-core\7.0.0-SNAPSHOT\spring-core-7.0.0-20250704.095314-705.jar;C:\Users\Saman\.m2\repository\commons-logging\commons-logging\1.3.5\commons-logging-1.3.5.jar;C:\Users\Saman\.m2\repository\org\jspecify\jspecify\1.0.0\jspecify-1.0.0.jar
Launcher Type: SUN_STANDARD

[Global flags]
     intx CICompilerCount                          = 4                                         {product} {ergonomic}
     uint ConcGCThreads                            = 2                                         {product} {ergonomic}
     bool FlightRecorder                           = true                                      {product} {management}
     uint G1ConcRefinementThreads                  = 8                                         {product} {ergonomic}
   size_t G1HeapRegionSize                         = 1048576                                   {product} {ergonomic}
   size_t InitialHeapSize                          = 100663296                                 {product} {ergonomic}
     bool ManagementServer                         = true                                      {product} {command line}
   size_t MarkStackSize                            = 4194304                                   {product} {ergonomic}
   size_t MarkStackSizeMax                         = 536870912                                 {product} {ergonomic}
   size_t MaxHeapSize                              = 1583349760                                {product} {ergonomic}
   size_t MaxNewSize                               = 950009856                                 {product} {ergonomic}
   size_t MinHeapDeltaBytes                        = 1048576                                   {product} {ergonomic}
   size_t MinHeapSize                              = 8388608                                   {product} {ergonomic}
    uintx NonNMethodCodeHeapSize                   = 4096                                   {pd product} {ergonomic}
    uintx NonProfiledCodeHeapSize                  = 0                                      {pd product} {ergonomic}
     bool ProfileInterpreter                       = false                                  {pd product} {command line}
    uintx ProfiledCodeHeapSize                     = 0                                      {pd product} {ergonomic}
   size_t SoftMaxHeapSize                          = 1583349760                             {manageable} {ergonomic}
     intx TieredStopAtLevel                        = 1                                         {product} {command line}
     bool UseCompressedOops                        = true                           {product lp64_product} {ergonomic}
     bool UseG1GC                                  = true                                      {product} {ergonomic}
     bool UseLargePagesIndividualAllocation        = false                                  {pd product} {ergonomic}

Logging:
Log output configuration:
 #0: stdout all=warning uptime,level,tags foldmultilines=false
 #1: stderr all=off uptime,level,tags foldmultilines=false

Environment Variables:
PATH=C:\Program Files\Common Files\Oracle\Java\javapath;C:\Program Files (x86)\Common Files\Oracle\Java\java8path;C:\Program Files (x86)\Common Files\Oracle\Java\javapath;C:\WINDOWS\system32;C:\WINDOWS;C:\WINDOWS\System32\Wbem;C:\WINDOWS\System32\WindowsPowerShell\v1.0\;C:\Program Files\Intel\WiFi\bin\;C:\Program Files\Common Files\Intel\WirelessCommon\;C:\Program Files (x86)\Intel\OpenCL SDK\2.0\bin\x86;C:\Program Files (x86)\Intel\OpenCL SDK\2.0\bin\x64;C:\WINDOWS\System32\OpenSSH\;C:\Program Files\dotnet\;C:\Program Files\WireGuard\;C:\Program Files (x86)\NVIDIA Corporation\PhysX\Common;C:\Program Files (x86)\Bitvise SSH Client;C:\Program Files\Git\cmd;C:\Users\Saman\AppData\Local\Programs\Python\Python312\Scripts\;C:\Users\Saman\AppData\Local\Programs\Python\Python312\;C:\Program Files\Intel\WiFi\bin\;C:\Program Files\Common Files\Intel\WirelessCommon\;C:\Users\Saman\AppData\Local\Microsoft\WindowsApps;;C:\Users\Saman\AppData\Local\Programs\Microsoft VS Code\bin;C:\Program Files\JetBrains\IntelliJ IDEA 2024.1.4\bin;
USERNAME=Saman
OS=Windows_NT
PROCESSOR_IDENTIFIER=Intel64 Family 6 Model 42 Stepping 7, GenuineIntel
TMP=C:\Users\Saman\AppData\Local\Temp
TEMP=C:\Users\Saman\AppData\Local\Temp




Periodic native trim disabled

---------------  S Y S T E M  ---------------

OS:
 Windows 10 , 64 bit Build 19041 (10.0.19041.5915)
OS uptime: 0 days 18:00 hours

CPU: total 8 (initial active 8) (4 cores per cpu, 2 threads per core) family 6 model 42 stepping 7 microcode 0x2f, cx8, cmov, fxsr, ht, mmx, sse, sse2, sse3, ssse3, sse4.1, sse4.2, popcnt, tsc, tscinvbit, avx, aes, clmul, vzeroupper, clflush, rdtscp
Processor Information for the first 8 processors :
  Max Mhz: 2001, Current Mhz: 2001, Mhz Limit: 2001

Memory: 4k page, system-wide physical 6038M (805M free)
TotalPageFile size 10902M (AvailPageFile size 3060M)
current process WorkingSet (physical memory assigned to process): 95M, peak: 95M
current process commit charge ("private bytes"): 226M, peak: 227M

vm_info: Java HotSpot(TM) 64-Bit Server VM (24.0.1+9-30) for windows-amd64 JRE (24.0.1+9-30), built on 2025-03-05T07:23:45Z with MS VC++ 17.6 (VS2022)

END.
